<?xml version="1.0" encoding="UTF-8"?>
<!-- Generated by org.testng.reporters.JUnitXMLReporter -->
<testsuite hostname="Akshay-PC" ignored="0" name="Command line test" tests="13" failures="0" timestamp="17 Jan 2018 05:11:34 GMT" time="461.785" errors="0">
  <testcase name="verifyContactsPageLabel" time="0.231" classname="com.crm.qa.testcases.ContactsPageTest"/>
  <testcase name="verifyHomePageTitleTest" time="0.254" classname="com.crm.qa.testcases.HomePageTest"/>
  <testcase name="loginPageTitleTest" time="0.043" classname="com.crm.qa.testcases.LoginPageTest"/>
  <testcase name="selectSingleContactsTest" time="5.637" classname="com.crm.qa.testcases.ContactsPageTest"/>
  <testcase name="verifyUserNameTest" time="0.343" classname="com.crm.qa.testcases.HomePageTest"/>
  <testcase name="crmLogoImageTest" time="0.838" classname="com.crm.qa.testcases.LoginPageTest"/>
  <testcase name="selectMultipleContactsTest" time="12.313" classname="com.crm.qa.testcases.ContactsPageTest"/>
  <testcase name="verifyContactsLinkTest" time="11.194" classname="com.crm.qa.testcases.HomePageTest"/>
  <testcase name="loginTest" time="10.966" classname="com.crm.qa.testcases.LoginPageTest"/>
  <testcase name="validateCreateNewContact" time="11.496" classname="com.crm.qa.testcases.ContactsPageTest"/>
  <testcase name="validateCreateNewContact" time="9.102" classname="com.crm.qa.testcases.ContactsPageTest"/>
  <testcase name="validateCreateNewContact" time="9.209" classname="com.crm.qa.testcases.ContactsPageTest"/>
  <testcase name="validateCreateNewContact" time="9.51" classname="com.crm.qa.testcases.ContactsPageTest"/>
</testsuite> <!-- Command line test -->
