<?xml version="1.0" encoding="UTF-8"?>
<testng-results skipped="0" failed="0" ignored="0" total="13" passed="13">
  <reporter-output>
  </reporter-output>
  <suite name="FREE CRM Application Test Automation Test Suite" duration-ms="157879" started-at="2018-01-20T15:04:02Z" finished-at="2018-01-20T15:06:39Z">
    <groups>
    </groups>
    <test name="Free CRM App Test Cases" duration-ms="157879" started-at="2018-01-20T15:04:02Z" finished-at="2018-01-20T15:06:39Z">
      <class name="com.crm.qa.testcases.HomePageTest">
        <test-method status="PASS" signature="setup()[pri:0, instance:com.crm.qa.testcases.HomePageTest@42dafa95]" name="setup" is-config="true" duration-ms="9655" started-at="2018-01-20T10:04:10Z" finished-at="2018-01-20T10:04:20Z">
          <reporter-output>
          </reporter-output>
        </test-method> <!-- setup -->
        <test-method status="PASS" signature="verifyHomePageTitleTest()[pri:1, instance:com.crm.qa.testcases.HomePageTest@42dafa95]" name="verifyHomePageTitleTest" duration-ms="18" started-at="2018-01-20T10:04:20Z" finished-at="2018-01-20T10:04:20Z">
          <reporter-output>
          </reporter-output>
        </test-method> <!-- verifyHomePageTitleTest -->
        <test-method status="PASS" signature="teardown()[pri:0, instance:com.crm.qa.testcases.HomePageTest@42dafa95]" name="teardown" is-config="true" duration-ms="679" started-at="2018-01-20T10:04:20Z" finished-at="2018-01-20T10:04:20Z">
          <reporter-output>
          </reporter-output>
        </test-method> <!-- teardown -->
        <test-method status="PASS" signature="setup()[pri:0, instance:com.crm.qa.testcases.HomePageTest@42dafa95]" name="setup" is-config="true" duration-ms="9752" started-at="2018-01-20T10:04:39Z" finished-at="2018-01-20T10:04:49Z">
          <reporter-output>
          </reporter-output>
        </test-method> <!-- setup -->
        <test-method status="PASS" signature="verifyUserNameTest()[pri:2, instance:com.crm.qa.testcases.HomePageTest@42dafa95]" name="verifyUserNameTest" duration-ms="154" started-at="2018-01-20T10:04:49Z" finished-at="2018-01-20T10:04:49Z">
          <reporter-output>
          </reporter-output>
        </test-method> <!-- verifyUserNameTest -->
        <test-method status="PASS" signature="teardown()[pri:0, instance:com.crm.qa.testcases.HomePageTest@42dafa95]" name="teardown" is-config="true" duration-ms="694" started-at="2018-01-20T10:04:49Z" finished-at="2018-01-20T10:04:50Z">
          <reporter-output>
          </reporter-output>
        </test-method> <!-- teardown -->
        <test-method status="PASS" signature="setup()[pri:0, instance:com.crm.qa.testcases.HomePageTest@42dafa95]" name="setup" is-config="true" duration-ms="7831" started-at="2018-01-20T10:05:09Z" finished-at="2018-01-20T10:05:17Z">
          <reporter-output>
          </reporter-output>
        </test-method> <!-- setup -->
        <test-method status="PASS" signature="verifyContactsLinkTest()[pri:3, instance:com.crm.qa.testcases.HomePageTest@42dafa95]" name="verifyContactsLinkTest" duration-ms="931" started-at="2018-01-20T10:05:17Z" finished-at="2018-01-20T10:05:18Z">
          <reporter-output>
          </reporter-output>
        </test-method> <!-- verifyContactsLinkTest -->
        <test-method status="PASS" signature="teardown()[pri:0, instance:com.crm.qa.testcases.HomePageTest@42dafa95]" name="teardown" is-config="true" duration-ms="826" started-at="2018-01-20T10:05:18Z" finished-at="2018-01-20T10:05:19Z">
          <reporter-output>
          </reporter-output>
        </test-method> <!-- teardown -->
      </class> <!-- com.crm.qa.testcases.HomePageTest -->
      <class name="com.crm.qa.testcases.ContactsPageTest">
        <test-method status="PASS" signature="setup()[pri:0, instance:com.crm.qa.testcases.ContactsPageTest@6500df86]" name="setup" is-config="true" duration-ms="11501" started-at="2018-01-20T10:04:20Z" finished-at="2018-01-20T10:04:32Z">
          <reporter-output>
          </reporter-output>
        </test-method> <!-- setup -->
        <test-method status="PASS" signature="verifyContactsPageLabel()[pri:1, instance:com.crm.qa.testcases.ContactsPageTest@6500df86]" name="verifyContactsPageLabel" duration-ms="113" started-at="2018-01-20T10:04:32Z" finished-at="2018-01-20T10:04:32Z">
          <reporter-output>
          </reporter-output>
        </test-method> <!-- verifyContactsPageLabel -->
        <test-method status="PASS" signature="teardown()[pri:0, instance:com.crm.qa.testcases.ContactsPageTest@6500df86]" name="teardown" is-config="true" duration-ms="785" started-at="2018-01-20T10:04:32Z" finished-at="2018-01-20T10:04:33Z">
          <reporter-output>
          </reporter-output>
        </test-method> <!-- teardown -->
        <test-method status="PASS" signature="setup()[pri:0, instance:com.crm.qa.testcases.ContactsPageTest@6500df86]" name="setup" is-config="true" duration-ms="8813" started-at="2018-01-20T10:04:50Z" finished-at="2018-01-20T10:04:59Z">
          <reporter-output>
          </reporter-output>
        </test-method> <!-- setup -->
        <test-method status="PASS" signature="selectSingleContactsTest()[pri:2, instance:com.crm.qa.testcases.ContactsPageTest@6500df86]" name="selectSingleContactsTest" duration-ms="839" started-at="2018-01-20T10:04:59Z" finished-at="2018-01-20T10:05:00Z">
          <reporter-output>
          </reporter-output>
        </test-method> <!-- selectSingleContactsTest -->
        <test-method status="PASS" signature="teardown()[pri:0, instance:com.crm.qa.testcases.ContactsPageTest@6500df86]" name="teardown" is-config="true" duration-ms="847" started-at="2018-01-20T10:05:00Z" finished-at="2018-01-20T10:05:00Z">
          <reporter-output>
          </reporter-output>
        </test-method> <!-- teardown -->
        <test-method status="PASS" signature="setup()[pri:0, instance:com.crm.qa.testcases.ContactsPageTest@6500df86]" name="setup" is-config="true" duration-ms="9676" started-at="2018-01-20T10:05:19Z" finished-at="2018-01-20T10:05:28Z">
          <reporter-output>
          </reporter-output>
        </test-method> <!-- setup -->
        <test-method status="PASS" signature="selectMultipleContactsTest()[pri:3, instance:com.crm.qa.testcases.ContactsPageTest@6500df86]" name="selectMultipleContactsTest" duration-ms="1410" started-at="2018-01-20T10:05:28Z" finished-at="2018-01-20T10:05:30Z">
          <reporter-output>
          </reporter-output>
        </test-method> <!-- selectMultipleContactsTest -->
        <test-method status="PASS" signature="teardown()[pri:0, instance:com.crm.qa.testcases.ContactsPageTest@6500df86]" name="teardown" is-config="true" duration-ms="838" started-at="2018-01-20T10:05:30Z" finished-at="2018-01-20T10:05:30Z">
          <reporter-output>
          </reporter-output>
        </test-method> <!-- teardown -->
        <test-method status="PASS" signature="setup()[pri:0, instance:com.crm.qa.testcases.ContactsPageTest@6500df86]" name="setup" is-config="true" duration-ms="9477" started-at="2018-01-20T10:05:33Z" finished-at="2018-01-20T10:05:42Z">
          <reporter-output>
          </reporter-output>
        </test-method> <!-- setup -->
        <test-method status="PASS" signature="validateCreateNewContact(java.lang.String, java.lang.String, java.lang.String, java.lang.String)[pri:4, instance:com.crm.qa.testcases.ContactsPageTest@6500df86]" name="validateCreateNewContact" duration-ms="3961" started-at="2018-01-20T10:05:42Z" data-provider="getCRMTestData" finished-at="2018-01-20T10:05:46Z">
          <params>
            <param index="0">
              <value>
                <![CDATA[Mr.]]>
              </value>
            </param>
            <param index="1">
              <value>
                <![CDATA[Tom]]>
              </value>
            </param>
            <param index="2">
              <value>
                <![CDATA[Peter]]>
              </value>
            </param>
            <param index="3">
              <value>
                <![CDATA[Google]]>
              </value>
            </param>
          </params>
          <reporter-output>
          </reporter-output>
        </test-method> <!-- validateCreateNewContact -->
        <test-method status="PASS" signature="teardown()[pri:0, instance:com.crm.qa.testcases.ContactsPageTest@6500df86]" name="teardown" is-config="true" duration-ms="772" started-at="2018-01-20T10:05:46Z" finished-at="2018-01-20T10:05:47Z">
          <reporter-output>
          </reporter-output>
        </test-method> <!-- teardown -->
        <test-method status="PASS" signature="setup()[pri:0, instance:com.crm.qa.testcases.ContactsPageTest@6500df86]" name="setup" is-config="true" duration-ms="12280" started-at="2018-01-20T10:05:47Z" finished-at="2018-01-20T10:05:59Z">
          <reporter-output>
          </reporter-output>
        </test-method> <!-- setup -->
        <test-method status="PASS" signature="validateCreateNewContact(java.lang.String, java.lang.String, java.lang.String, java.lang.String)[pri:4, instance:com.crm.qa.testcases.ContactsPageTest@6500df86]" name="validateCreateNewContact" duration-ms="3961" started-at="2018-01-20T10:05:59Z" data-provider="getCRMTestData" finished-at="2018-01-20T10:06:03Z">
          <params>
            <param index="0">
              <value>
                <![CDATA[Prof.]]>
              </value>
            </param>
            <param index="1">
              <value>
                <![CDATA[David]]>
              </value>
            </param>
            <param index="2">
              <value>
                <![CDATA[Turner]]>
              </value>
            </param>
            <param index="3">
              <value>
                <![CDATA[Amazon]]>
              </value>
            </param>
          </params>
          <reporter-output>
          </reporter-output>
        </test-method> <!-- validateCreateNewContact -->
        <test-method status="PASS" signature="teardown()[pri:0, instance:com.crm.qa.testcases.ContactsPageTest@6500df86]" name="teardown" is-config="true" duration-ms="805" started-at="2018-01-20T10:06:03Z" finished-at="2018-01-20T10:06:04Z">
          <reporter-output>
          </reporter-output>
        </test-method> <!-- teardown -->
        <test-method status="PASS" signature="setup()[pri:0, instance:com.crm.qa.testcases.ContactsPageTest@6500df86]" name="setup" is-config="true" duration-ms="13511" started-at="2018-01-20T10:06:04Z" finished-at="2018-01-20T10:06:17Z">
          <reporter-output>
          </reporter-output>
        </test-method> <!-- setup -->
        <test-method status="PASS" signature="validateCreateNewContact(java.lang.String, java.lang.String, java.lang.String, java.lang.String)[pri:4, instance:com.crm.qa.testcases.ContactsPageTest@6500df86]" name="validateCreateNewContact" duration-ms="4336" started-at="2018-01-20T10:06:17Z" data-provider="getCRMTestData" finished-at="2018-01-20T10:06:22Z">
          <params>
            <param index="0">
              <value>
                <![CDATA[Mrs.]]>
              </value>
            </param>
            <param index="1">
              <value>
                <![CDATA[Mukta]]>
              </value>
            </param>
            <param index="2">
              <value>
                <![CDATA[Sharma]]>
              </value>
            </param>
            <param index="3">
              <value>
                <![CDATA[Ebay]]>
              </value>
            </param>
          </params>
          <reporter-output>
          </reporter-output>
        </test-method> <!-- validateCreateNewContact -->
        <test-method status="PASS" signature="teardown()[pri:0, instance:com.crm.qa.testcases.ContactsPageTest@6500df86]" name="teardown" is-config="true" duration-ms="783" started-at="2018-01-20T10:06:22Z" finished-at="2018-01-20T10:06:23Z">
          <reporter-output>
          </reporter-output>
        </test-method> <!-- teardown -->
        <test-method status="PASS" signature="setup()[pri:0, instance:com.crm.qa.testcases.ContactsPageTest@6500df86]" name="setup" is-config="true" duration-ms="11100" started-at="2018-01-20T10:06:23Z" finished-at="2018-01-20T10:06:34Z">
          <reporter-output>
          </reporter-output>
        </test-method> <!-- setup -->
        <test-method status="PASS" signature="validateCreateNewContact(java.lang.String, java.lang.String, java.lang.String, java.lang.String)[pri:4, instance:com.crm.qa.testcases.ContactsPageTest@6500df86]" name="validateCreateNewContact" duration-ms="4978" started-at="2018-01-20T10:06:34Z" data-provider="getCRMTestData" finished-at="2018-01-20T10:06:39Z">
          <params>
            <param index="0">
              <value>
                <![CDATA[Dr.]]>
              </value>
            </param>
            <param index="1">
              <value>
                <![CDATA[Scott]]>
              </value>
            </param>
            <param index="2">
              <value>
                <![CDATA[Mcdonald]]>
              </value>
            </param>
            <param index="3">
              <value>
                <![CDATA[Google]]>
              </value>
            </param>
          </params>
          <reporter-output>
          </reporter-output>
        </test-method> <!-- validateCreateNewContact -->
        <test-method status="PASS" signature="teardown()[pri:0, instance:com.crm.qa.testcases.ContactsPageTest@6500df86]" name="teardown" is-config="true" duration-ms="722" started-at="2018-01-20T10:06:39Z" finished-at="2018-01-20T10:06:39Z">
          <reporter-output>
          </reporter-output>
        </test-method> <!-- teardown -->
      </class> <!-- com.crm.qa.testcases.ContactsPageTest -->
      <class name="com.crm.qa.testcases.LoginPageTest">
        <test-method status="PASS" signature="setup()[pri:0, instance:com.crm.qa.testcases.LoginPageTest@589838eb]" name="setup" is-config="true" duration-ms="7748" started-at="2018-01-20T10:04:02Z" finished-at="2018-01-20T10:04:09Z">
          <reporter-output>
          </reporter-output>
        </test-method> <!-- setup -->
        <test-method status="PASS" signature="loginPageTitleTest()[pri:1, instance:com.crm.qa.testcases.LoginPageTest@589838eb]" name="loginPageTitleTest" duration-ms="56" started-at="2018-01-20T10:04:09Z" finished-at="2018-01-20T10:04:09Z">
          <reporter-output>
          </reporter-output>
        </test-method> <!-- loginPageTitleTest -->
        <test-method status="PASS" signature="tearDown()[pri:0, instance:com.crm.qa.testcases.LoginPageTest@589838eb]" name="tearDown" is-config="true" duration-ms="692" started-at="2018-01-20T10:04:09Z" finished-at="2018-01-20T10:04:10Z">
          <reporter-output>
          </reporter-output>
        </test-method> <!-- tearDown -->
        <test-method status="PASS" signature="setup()[pri:0, instance:com.crm.qa.testcases.LoginPageTest@589838eb]" name="setup" is-config="true" duration-ms="5592" started-at="2018-01-20T10:04:33Z" finished-at="2018-01-20T10:04:38Z">
          <reporter-output>
          </reporter-output>
        </test-method> <!-- setup -->
        <test-method status="PASS" signature="crmLogoImageTest()[pri:2, instance:com.crm.qa.testcases.LoginPageTest@589838eb]" name="crmLogoImageTest" duration-ms="99" started-at="2018-01-20T10:04:38Z" finished-at="2018-01-20T10:04:39Z">
          <reporter-output>
          </reporter-output>
        </test-method> <!-- crmLogoImageTest -->
        <test-method status="PASS" signature="tearDown()[pri:0, instance:com.crm.qa.testcases.LoginPageTest@589838eb]" name="tearDown" is-config="true" duration-ms="739" started-at="2018-01-20T10:04:39Z" finished-at="2018-01-20T10:04:39Z">
          <reporter-output>
          </reporter-output>
        </test-method> <!-- tearDown -->
        <test-method status="PASS" signature="setup()[pri:0, instance:com.crm.qa.testcases.LoginPageTest@589838eb]" name="setup" is-config="true" duration-ms="5628" started-at="2018-01-20T10:05:00Z" finished-at="2018-01-20T10:05:06Z">
          <reporter-output>
          </reporter-output>
        </test-method> <!-- setup -->
        <test-method status="PASS" signature="loginTest()[pri:3, instance:com.crm.qa.testcases.LoginPageTest@589838eb]" name="loginTest" duration-ms="2203" started-at="2018-01-20T10:05:06Z" finished-at="2018-01-20T10:05:08Z">
          <reporter-output>
          </reporter-output>
        </test-method> <!-- loginTest -->
        <test-method status="PASS" signature="tearDown()[pri:0, instance:com.crm.qa.testcases.LoginPageTest@589838eb]" name="tearDown" is-config="true" duration-ms="742" started-at="2018-01-20T10:05:08Z" finished-at="2018-01-20T10:05:09Z">
          <reporter-output>
          </reporter-output>
        </test-method> <!-- tearDown -->
      </class> <!-- com.crm.qa.testcases.LoginPageTest -->
    </test> <!-- Free CRM App Test Cases -->
  </suite> <!-- FREE CRM Application Test Automation Test Suite -->
</testng-results>
